<?xml version="1.0" encoding="UTF-8"?>
<!-- Generated by org.testng.reporters.JUnitReportReporter -->
<testsuite hostname="HP-LAPTOP" failures="0" tests="1" name="com.automation.StepDefinition.DriverSuite" time="126.611" errors="0" timestamp="2022-07-18T02:44:56 BST" skipped="0">
  <testcase classname="com.automation.StepDefinition.DriverSuite" name="links_search_validation" time="126.611"/>
  <system-out/>
</testsuite> <!-- com.automation.StepDefinition.DriverSuite -->
